<?xml version="1.0" encoding="UTF-8"?>
<!-- Generated by org.testng.reporters.JUnitReportReporter -->
<testsuite hostname="p4a-508SD55" name="com.accenture.tests.POMExample" tests="1" failures="0" timestamp="25 Jul 2018 06:43:21 GMT" time="7.815" errors="0">
  <testcase name="POMExamples" time="7.815" classname="com.accenture.tests.POMExample"/>
</testsuite> <!-- com.accenture.tests.POMExample -->
