<?xml version="1.0" encoding="UTF-8"?>
<!-- Generated by org.testng.reporters.JUnitReportReporter -->
<testsuite hostname="p4a-508SD55" name="com.accenture.tests.DemoCookies" tests="1" failures="0" timestamp="24 Jul 2018 07:33:50 GMT" time="11.275" errors="0">
  <testcase name="cookies" time="11.275" classname="com.accenture.tests.DemoCookies"/>
</testsuite> <!-- com.accenture.tests.DemoCookies -->
