<?xml version="1.0" encoding="UTF-8"?>
<!-- Generated by org.testng.reporters.JUnitReportReporter -->
<testsuite hostname="p4a-508SD55" name="PNCGroup.PNCArtifact.JavaScriptExecutor" tests="1" failures="0" timestamp="24 Jul 2018 03:43:48 GMT" time="4.067" errors="0">
  <testcase name="snapshot" time="4.067" classname="PNCGroup.PNCArtifact.JavaScriptExecutor"/>
</testsuite> <!-- PNCGroup.PNCArtifact.JavaScriptExecutor -->
