<?xml version="1.0" encoding="UTF-8"?>
<!-- Generated by org.testng.reporters.JUnitReportReporter -->
<testsuite hostname="p4a-508SD55" name="PNCGroup.PNCArtifact.ActionsTest" tests="1" failures="0" timestamp="23 Jul 2018 05:46:49 GMT" time="11.456" errors="0">
  <testcase name="test" time="11.456" classname="PNCGroup.PNCArtifact.ActionsTest"/>
</testsuite> <!-- PNCGroup.PNCArtifact.ActionsTest -->
